Build started 03/12/2014 11:34:42 AM.
     1>Project "C:\Users\NP\Documents\Visual Studio 2013\Projects\DSA\Testing\QueueTest\QueueTest\QueueTest.vcxproj" on node 2 (Build target(s)).
     1>ClCompile:
         C:\Program Files (x86)\Microsoft Visual Studio 12.0\VC\bin\CL.exe /c /ZI /nologo /W3 /WX- /Od /Oy- /D WIN32 /D _DEBUG /D _CONSOLE /D _LIB /D _UNICODE /D UNICODE /Gm /EHsc /RTC1 /MDd /GS /fp:precise /Zc:wchar_t /Zc:forScope /Fo"Debug\\" /Fd"Debug\vc120.pdb" /Gd /TP /analyze- /errorReport:prompt Main.cpp
         Main.cpp
     1>c:\users\np\documents\visual studio 2013\projects\dsa\testing\queuetest\queuetest\main.cpp(9): error C3312: no callable 'begin' function found for type 'int []'
     1>c:\users\np\documents\visual studio 2013\projects\dsa\testing\queuetest\queuetest\main.cpp(9): error C3312: no callable 'end' function found for type 'int []'
     1>c:\users\np\documents\visual studio 2013\projects\dsa\testing\queuetest\queuetest\main.cpp(10): error C2065: 'num' : undeclared identifier
     1>c:\users\np\documents\visual studio 2013\projects\dsa\testing\queuetest\queuetest\main.cpp(13): error C2065: 'num' : undeclared identifier
     1>Done Building Project "C:\Users\NP\Documents\Visual Studio 2013\Projects\DSA\Testing\QueueTest\QueueTest\QueueTest.vcxproj" (Build target(s)) -- FAILED.

Build FAILED.

Time Elapsed 00:00:00.74
